<?xml version="1.0" encoding="UTF-8"?>
<!-- Generated by org.testng.reporters.JUnitXMLReporter -->
<testsuite ignored="0" hostname="giuseppe-excaliburamdai" failures="1" tests="1" name="Test" time="32.257" errors="0" timestamp="2026-05-20T17:34:17 CEST">
  <testcase classname="org.giuseppeprivitera.tests.TestSuite" name="runSuite" time="27.71">
    <failure type="org.openqa.selenium.TimeoutException" message="Expected condition failed: waiting for attribute or CSS value &amp;quot;text&amp;quot; to contain &amp;quot;Products&amp;quot;. Current value: &amp;quot;General Store&amp;quot;.
(tried for 20 seconds with 500 milliseconds interval)
Build info: version: &amp;apos;4.44.0&amp;apos;, revision: &amp;apos;da2039b&amp;apos;
System info: os.name: &amp;apos;Linux&amp;apos;, os.arch: &amp;apos;amd64&amp;apos;, os.version: &amp;apos;6.17.0-1023-oem&amp;apos;, java.version: &amp;apos;21.0.10&amp;apos;
Driver info: io.appium.java_client.android.AndroidDriver
Capabilities {appium:app: /home/giuseppeprivitera/ecl..., appium:appActivity: com.androidsample.generalst..., appium:appPackage: com.androidsample.generalstore, appium:automationName: UIAutomator2, appium:chromedriverExecutable: /home/giuseppeprivitera/ecl..., appium:databaseEnabled: false, appium:desired: {app: /home/giuseppeprivitera/ecl..., automationName: UIAutomator2, chromedriverExecutable: /home/giuseppeprivitera/ecl..., platformName: ANDROID}, appium:deviceApiLevel: 37, appium:deviceManufacturer: Google, appium:deviceModel: sdk_gphone16k_x86_64, appium:deviceName: emulator-5554, appium:deviceScreenDensity: 480, appium:deviceScreenSize: 1280x2856, appium:deviceUDID: emulator-5554, appium:javascriptEnabled: true, appium:locationContextEnabled: false, appium:networkConnectionEnabled: true, appium:pixelRatio: 3, appium:platformVersion: 17, appium:statBarHeight: 156, appium:takesScreenshot: true, appium:viewportRect: {height: 2700, left: 0, top: 156, width: 1280}, appium:warnings: {}, appium:webStorageEnabled: false, platformName: ANDROID}
Session ID: c0879d77-5898-4aa8-a02e-354cf276581a">
      <![CDATA[org.openqa.selenium.TimeoutException: Expected condition failed: waiting for attribute or CSS value "text" to contain "Products". Current value: "General Store".
(tried for 20 seconds with 500 milliseconds interval)
Build info: version: '4.44.0', revision: 'da2039b'
System info: os.name: 'Linux', os.arch: 'amd64', os.version: '6.17.0-1023-oem', java.version: '21.0.10'
Driver info: io.appium.java_client.android.AndroidDriver
Capabilities {appium:app: /home/giuseppeprivitera/ecl..., appium:appActivity: com.androidsample.generalst..., appium:appPackage: com.androidsample.generalstore, appium:automationName: UIAutomator2, appium:chromedriverExecutable: /home/giuseppeprivitera/ecl..., appium:databaseEnabled: false, appium:desired: {app: /home/giuseppeprivitera/ecl..., automationName: UIAutomator2, chromedriverExecutable: /home/giuseppeprivitera/ecl..., platformName: ANDROID}, appium:deviceApiLevel: 37, appium:deviceManufacturer: Google, appium:deviceModel: sdk_gphone16k_x86_64, appium:deviceName: emulator-5554, appium:deviceScreenDensity: 480, appium:deviceScreenSize: 1280x2856, appium:deviceUDID: emulator-5554, appium:javascriptEnabled: true, appium:locationContextEnabled: false, appium:networkConnectionEnabled: true, appium:pixelRatio: 3, appium:platformVersion: 17, appium:statBarHeight: 156, appium:takesScreenshot: true, appium:viewportRect: {height: 2700, left: 0, top: 156, width: 1280}, appium:warnings: {}, appium:webStorageEnabled: false, platformName: ANDROID}
Session ID: c0879d77-5898-4aa8-a02e-354cf276581a
at org.openqa.selenium.support.ui.WebDriverWait.timeoutException(WebDriverWait.java:85)
at org.openqa.selenium.support.ui.FluentWait.until(FluentWait.java:234)
at org.giuseppeprivitera.utils.AppiumUtils.waitForElementToAppear(AppiumUtils.java:24)
at org.giuseppeprivitera.pageObjects.ProductPage.checkProductTitle(ProductPage.java:42)
at org.giuseppeprivitera.tests.TestSuite.runSuite(TestSuite.java:27)
at java.base/java.util.ArrayList.forEach(ArrayList.java:1596)
... Removed 25 stack frames]]>
    </failure>
  </testcase> <!-- runSuite -->
</testsuite> <!-- Test -->
