<?xml version="1.0" encoding="UTF-8"?>
<testng-results ignored="0" total="1" passed="1" failed="0" skipped="0">
  <reporter-output>
  </reporter-output>
  <suite started-at="2026-05-20T18:35:39 CEST" name="Suite" finished-at="2026-05-20T18:36:17 CEST" duration-ms="38217">
    <groups>
    </groups>
    <test started-at="2026-05-20T18:35:39 CEST" name="Test" finished-at="2026-05-20T18:36:17 CEST" duration-ms="38217">
      <class name="org.giuseppeprivitera.tests.TestSuite">
        <test-method is-config="true" signature="configuration()[pri:0, instance:org.giuseppeprivitera.tests.TestSuite@7ce69770]" started-at="2026-05-20T18:35:39 CEST" name="configuration" finished-at="2026-05-20T18:35:42 CEST" duration-ms="2847" status="PASS">
          <reporter-output>
          </reporter-output>
        </test-method> <!-- configuration -->
        <test-method signature="runSuite()[pri:0, instance:org.giuseppeprivitera.tests.TestSuite@7ce69770]" started-at="2026-05-20T18:35:42 CEST" name="runSuite" finished-at="2026-05-20T18:36:17 CEST" duration-ms="34824" status="PASS">
          <reporter-output>
          </reporter-output>
        </test-method> <!-- runSuite -->
        <test-method is-config="true" signature="tearDown()[pri:0, instance:org.giuseppeprivitera.tests.TestSuite@7ce69770]" started-at="2026-05-20T18:36:17 CEST" name="tearDown" finished-at="2026-05-20T18:36:17 CEST" duration-ms="528" status="PASS">
          <reporter-output>
          </reporter-output>
        </test-method> <!-- tearDown -->
      </class> <!-- org.giuseppeprivitera.tests.TestSuite -->
    </test> <!-- Test -->
  </suite> <!-- Suite -->
</testng-results>
