<?xml version="1.0" encoding="UTF-8"?>
<!-- Generated by org.testng.reporters.JUnitReportReporter -->
<testsuite hostname="giuseppe-excaliburamdai" failures="0" tests="1" name="tests.TestSuite" time="20.138" errors="1" timestamp="2026-05-17T17:44:49 CEST" skipped="0">
  <testcase classname="tests.TestSuite" name="runSuite" time="20.138">
    <error message="No such context found.
Build info: version: &#039;4.44.0&#039;, revision: &#039;da2039b&#039;
System info: os.name: &#039;Linux&#039;, os.arch: &#039;amd64&#039;, os.version: &#039;6.17.0-1023-oem&#039;, java.version: &#039;21.0.10&#039;
Driver info: io.appium.java_client.android.AndroidDriver
Command: [942b581f-79f8-4d88-bb97-671e2368fcf6, switchToContext {name=WEBVIEW_com.androidsample.generalstore}]
Capabilities {appium:app: //home//giuseppeprivitera//..., appium:appActivity: com.androidsample.generalst..., appium:appPackage: com.androidsample.generalstore, appium:automationName: UIAutomator2, appium:chromedriverExecutable: //home//giuseppeprivitera//..., appium:databaseEnabled: false, appium:desired: {app: //home//giuseppeprivitera//..., automationName: UIAutomator2, chromedriverExecutable: //home//giuseppeprivitera//..., deviceName: Pixel 10 Pro, platformName: ANDROID}, appium:deviceApiLevel: 37, appium:deviceManufacturer: Google, appium:deviceModel: sdk_gphone16k_x86_64, appium:deviceName: emulator-5556, appium:deviceScreenDensity: 480, appium:deviceScreenSize: 1280x2856, appium:deviceUDID: emulator-5556, appium:javascriptEnabled: true, appium:locationContextEnabled: false, appium:networkConnectionEnabled: true, appium:pixelRatio: 3, appium:platformVersion: 17, appium:statBarHeight: 156, appium:takesScreenshot: true, appium:viewportRect: {height: 2700, left: 0, top: 156, width: 1280}, appium:warnings: {}, appium:webStorageEnabled: false, platformName: ANDROID}
Session ID: 942b581f-79f8-4d88-bb97-671e2368fcf6" type="io.appium.java_client.NoSuchContextException">
      <![CDATA[io.appium.java_client.NoSuchContextException: No such context found.
Build info: version: '4.44.0', revision: 'da2039b'
System info: os.name: 'Linux', os.arch: 'amd64', os.version: '6.17.0-1023-oem', java.version: '21.0.10'
Driver info: io.appium.java_client.android.AndroidDriver
Command: [942b581f-79f8-4d88-bb97-671e2368fcf6, switchToContext {name=WEBVIEW_com.androidsample.generalstore}]
Capabilities {appium:app: //home//giuseppeprivitera//..., appium:appActivity: com.androidsample.generalst..., appium:appPackage: com.androidsample.generalstore, appium:automationName: UIAutomator2, appium:chromedriverExecutable: //home//giuseppeprivitera//..., appium:databaseEnabled: false, appium:desired: {app: //home//giuseppeprivitera//..., automationName: UIAutomator2, chromedriverExecutable: //home//giuseppeprivitera//..., deviceName: Pixel 10 Pro, platformName: ANDROID}, appium:deviceApiLevel: 37, appium:deviceManufacturer: Google, appium:deviceModel: sdk_gphone16k_x86_64, appium:deviceName: emulator-5556, appium:deviceScreenDensity: 480, appium:deviceScreenSize: 1280x2856, appium:deviceUDID: emulator-5556, appium:javascriptEnabled: true, appium:locationContextEnabled: false, appium:networkConnectionEnabled: true, appium:pixelRatio: 3, appium:platformVersion: 17, appium:statBarHeight: 156, appium:takesScreenshot: true, appium:viewportRect: {height: 2700, left: 0, top: 156, width: 1280}, appium:warnings: {}, appium:webStorageEnabled: false, platformName: ANDROID}
Session ID: 942b581f-79f8-4d88-bb97-671e2368fcf6
at io.appium.java_client.remote.SupportsContextSwitching.context(SupportsContextSwitching.java:47)
at pageObjects.CartPage.gotToWebSite(CartPage.java:111)
at tests.TestSuite.runSuite(TestSuite.java:36)
at java.base/jdk.internal.reflect.DirectMethodHandleAccessor.invoke(DirectMethodHandleAccessor.java:103)
at java.base/java.lang.reflect.Method.invoke(Method.java:580)
at org.testng.internal.invokers.MethodInvocationHelper.invokeMethod(MethodInvocationHelper.java:141)
at org.testng.internal.invokers.TestInvoker.invokeMethod(TestInvoker.java:687)
at org.testng.internal.invokers.TestInvoker.invokeTestMethod(TestInvoker.java:230)
at org.testng.internal.invokers.MethodRunner.runInSequence(MethodRunner.java:63)
at org.testng.internal.invokers.TestInvoker$MethodInvocationAgent.invoke(TestInvoker.java:995)
at org.testng.internal.invokers.TestInvoker.invokeTestMethods(TestInvoker.java:203)
at org.testng.internal.invokers.TestMethodWorker.invokeTestMethods(TestMethodWorker.java:154)
at org.testng.internal.invokers.TestMethodWorker.run(TestMethodWorker.java:134)
at java.base/java.util.ArrayList.forEach(ArrayList.java:1596)
at org.testng.TestRunner.privateRun(TestRunner.java:741)
at org.testng.TestRunner.run(TestRunner.java:616)
at org.testng.SuiteRunner.runTest(SuiteRunner.java:421)
at org.testng.SuiteRunner.runSequentially(SuiteRunner.java:413)
at org.testng.SuiteRunner.privateRun(SuiteRunner.java:373)
at org.testng.SuiteRunner.run(SuiteRunner.java:312)
at org.testng.SuiteRunnerWorker.runSuite(SuiteRunnerWorker.java:52)
at org.testng.SuiteRunnerWorker.run(SuiteRunnerWorker.java:95)
at org.testng.TestNG.runSuitesSequentially(TestNG.java:1274)
at org.testng.TestNG.runSuitesLocally(TestNG.java:1208)
at org.testng.TestNG.runSuites(TestNG.java:1112)
at org.testng.TestNG.run(TestNG.java:1079)
at org.testng.remote.AbstractRemoteTestNG.run(AbstractRemoteTestNG.java:115)
at org.testng.remote.RemoteTestNG.initAndRun(RemoteTestNG.java:293)
at org.testng.remote.RemoteTestNG.main(RemoteTestNG.java:91)
Caused by: org.openqa.selenium.WebDriverException: No such context found.
Build info: version: '4.44.0', revision: 'da2039b'
System info: os.name: 'Linux', os.arch: 'amd64', os.version: '6.17.0-1023-oem', java.version: '21.0.10'
Driver info: io.appium.java_client.android.AndroidDriver
Command: [942b581f-79f8-4d88-bb97-671e2368fcf6, switchToContext {name=WEBVIEW_com.androidsample.generalstore}]
Capabilities {appium:app: //home//giuseppeprivitera//..., appium:appActivity: com.androidsample.generalst..., appium:appPackage: com.androidsample.generalstore, appium:automationName: UIAutomator2, appium:chromedriverExecutable: //home//giuseppeprivitera//..., appium:databaseEnabled: false, appium:desired: {app: //home//giuseppeprivitera//..., automationName: UIAutomator2, chromedriverExecutable: //home//giuseppeprivitera//..., deviceName: Pixel 10 Pro, platformName: ANDROID}, appium:deviceApiLevel: 37, appium:deviceManufacturer: Google, appium:deviceModel: sdk_gphone16k_x86_64, appium:deviceName: emulator-5556, appium:deviceScreenDensity: 480, appium:deviceScreenSize: 1280x2856, appium:deviceUDID: emulator-5556, appium:javascriptEnabled: true, appium:locationContextEnabled: false, appium:networkConnectionEnabled: true, appium:pixelRatio: 3, appium:platformVersion: 17, appium:statBarHeight: 156, appium:takesScreenshot: true, appium:viewportRect: {height: 2700, left: 0, top: 156, width: 1280}, appium:warnings: {}, appium:webStorageEnabled: false, platformName: ANDROID}
Session ID: 942b581f-79f8-4d88-bb97-671e2368fcf6
at org.openqa.selenium.remote.ErrorCodec.decode(ErrorCodec.java:169)
at org.openqa.selenium.remote.codec.w3c.W3CHttpResponseCodec.decode(W3CHttpResponseCodec.java:143)
at org.openqa.selenium.remote.codec.w3c.W3CHttpResponseCodec.decode(W3CHttpResponseCodec.java:50)
at org.openqa.selenium.remote.HttpCommandExecutor.execute(HttpCommandExecutor.java:224)
at io.appium.java_client.remote.AppiumCommandExecutor.execute(AppiumCommandExecutor.java:243)
at org.openqa.selenium.remote.RemoteWebDriver.execute(RemoteWebDriver.java:600)
at org.openqa.selenium.remote.RemoteWebDriver.execute(RemoteWebDriver.java:682)
at io.appium.java_client.AppiumDriver.execute(AppiumDriver.java:225)
at io.appium.java_client.remote.SupportsContextSwitching.context(SupportsContextSwitching.java:44)
... 28 more
]]>
    </error>
  </testcase> <!-- runSuite -->
</testsuite> <!-- tests.TestSuite -->
